Mar-04 12:02:19.954 [main] DEBUG nextflow.cli.Launcher - $> nextflow run .
Mar-04 12:02:20.004 [main] DEBUG nextflow.cli.CmdRun - N E X T F L O W  ~  version 25.10.4
Mar-04 12:02:20.035 [main] DEBUG nextflow.plugin.PluginsFacade - Setting up plugin manager > mode=prod; embedded=false; plugins-dir=/home/girouxeml/.nextflow/plugins; core-plugins: nf-amazon@3.4.4,nf-azure@1.20.2,nf-cloudcache@0.5.0,nf-codecommit@0.5.0,nf-console@1.3.0,nf-google@1.23.5,nf-k8s@1.2.2,nf-tower@1.17.5,nf-wave@1.16.1
Mar-04 12:02:20.056 [main] INFO  o.pf4j.DefaultPluginStatusProvider - Enabled plugins: []
Mar-04 12:02:20.057 [main] INFO  o.pf4j.DefaultPluginStatusProvider - Disabled plugins: []
Mar-04 12:02:20.059 [main] INFO  org.pf4j.DefaultPluginManager - PF4J version 3.12.0 in 'deployment' mode
Mar-04 12:02:20.070 [main] DEBUG nextflow.util.RetryConfig - Missing nextflow session - using default retry config
Mar-04 12:02:20.162 [main] INFO  org.pf4j.AbstractPluginManager - No plugins
Mar-04 12:02:20.514 [main] DEBUG nextflow.config.ConfigBuilder - Found config local: /home/girouxeml/projects/illumina_qc_pipeline/nextflow.config
Mar-04 12:02:20.516 [main] DEBUG nextflow.config.ConfigBuilder - Parsing config file: /home/girouxeml/projects/illumina_qc_pipeline/nextflow.config
Mar-04 12:02:20.535 [main] DEBUG nextflow.config.ConfigBuilder - Applying config profile: `standard`
Mar-04 12:02:20.580 [main] DEBUG nextflow.plugin.PluginsFacade - Plugins default=[]
Mar-04 12:02:20.580 [main] DEBUG nextflow.plugin.PluginsFacade - Plugins resolved requirement=[]
Mar-04 12:02:20.590 [main] DEBUG n.secret.LocalSecretsProvider - Secrets store: /home/girouxeml/.nextflow/secrets/store.json
Mar-04 12:02:20.595 [main] DEBUG nextflow.secret.SecretsLoader - Discovered secrets providers: [nextflow.secret.LocalSecretsProvider@7e307087] - activable => nextflow.secret.LocalSecretsProvider@7e307087
Mar-04 12:02:20.602 [main] DEBUG nextflow.cli.CmdRun - Applied DSL=2 from script declaration
Mar-04 12:02:20.612 [main] DEBUG nextflow.cli.CmdRun - Launching `./main.nf` [stoic_ritchie] DSL2 - revision: c021e40cc9
Mar-04 12:02:20.654 [main] DEBUG nextflow.Session - Session UUID: 4bcfefe8-9f86-45fd-b0a2-fb7f89fa43a3
Mar-04 12:02:20.654 [main] DEBUG nextflow.Session - Run name: stoic_ritchie
Mar-04 12:02:20.654 [main] DEBUG nextflow.Session - Executor pool size: 40
Mar-04 12:02:20.661 [main] DEBUG nextflow.file.FilePorter - File porter settings maxRetries=3; maxTransfers=50; pollTimeout=null
Mar-04 12:02:20.665 [main] DEBUG nextflow.util.ThreadPoolBuilder - Creating thread pool 'FileTransfer' minSize=10; maxSize=120; workQueue=LinkedBlockingQueue[-1]; allowCoreThreadTimeout=false
Mar-04 12:02:20.687 [main] DEBUG nextflow.cli.CmdRun - 
  Version: 25.10.4 build 11173
  Created: 10-02-2026 15:17 UTC (10:17 EDT)
  System: Linux 6.8.0-101-generic
  Runtime: Groovy 4.0.28 on OpenJDK 64-Bit Server VM 23.0.2-internal-adhoc.conda.src
  Encoding: UTF-8 (UTF-8)
  Process: 57012@onottac704597dl.cfia-acia.inspection.gc.ca [10.130.20.77]
  CPUs: 40 - Mem: 125 GB (115.9 GB) - Swap: 2 GB (2 GB)
Mar-04 12:02:20.705 [main] DEBUG nextflow.Session - Work-dir: /home/girouxeml/projects/illumina_qc_pipeline/work [ext2/ext3]
Mar-04 12:02:20.705 [main] DEBUG nextflow.Session - Script base path does not exist or is not a directory: /home/girouxeml/projects/illumina_qc_pipeline/bin
Mar-04 12:02:20.712 [main] DEBUG nextflow.executor.ExecutorFactory - Extension executors providers=[]
Mar-04 12:02:20.720 [main] DEBUG nextflow.Session - Observer factory (v2): LinObserverFactory
Mar-04 12:02:20.723 [main] DEBUG nextflow.Session - Observer factory (v2): DefaultObserverFactory
Mar-04 12:02:20.757 [main] DEBUG nextflow.cache.CacheFactory - Using Nextflow cache factory: nextflow.cache.DefaultCacheFactory
Mar-04 12:02:20.764 [main] DEBUG nextflow.util.CustomThreadPool - Creating default thread pool > poolSize: 41; maxThreads: 1000
Mar-04 12:02:20.817 [main] DEBUG nextflow.Session - Session start
Mar-04 12:02:20.825 [main] DEBUG nextflow.trace.TraceFileObserver - Workflow started -- trace file: /home/girouxeml/projects/illumina_qc_pipeline/results/pipeline_trace.txt
Mar-04 12:02:21.033 [main] DEBUG nextflow.script.ScriptRunner - > Launching execution
Mar-04 12:02:21.189 [main] DEBUG n.script.dsl.ProcessConfigBuilder - Config settings `withName:FASTQC` matches process FASTQC
Mar-04 12:02:21.192 [main] DEBUG nextflow.executor.ExecutorFactory - << taskConfig executor: local
Mar-04 12:02:21.193 [main] DEBUG nextflow.executor.ExecutorFactory - >> processorType: 'local'
Mar-04 12:02:21.203 [main] DEBUG nextflow.executor.Executor - [warm up] executor > local
Mar-04 12:02:21.211 [main] DEBUG n.processor.LocalPollingMonitor - Creating local task monitor for executor 'local' > cpus=40; memory=125 GB; capacity=40; pollInterval=100ms; dumpInterval=5m
Mar-04 12:02:21.213 [main] DEBUG n.processor.TaskPollingMonitor - >>> barrier register (monitor: local)
Mar-04 12:02:21.240 [main] DEBUG nextflow.processor.TaskProcessor - Creating process 'FASTQC': maxForks=0; fair=false; array=0
Mar-04 12:02:21.273 [main] DEBUG nextflow.Session - Workflow process names [dsl2]: FASTQC
Mar-04 12:02:21.276 [main] DEBUG nextflow.Session - Igniting dataflow network (2)
Mar-04 12:02:21.283 [PathVisitor-1] DEBUG nextflow.file.PathVisitor - files for syntax: glob; folder: data/; pattern: *_{r1,r2}.fastq.gz; options: [:]
Mar-04 12:02:21.285 [main] DEBUG nextflow.processor.TaskProcessor - Starting process > FASTQC
Mar-04 12:02:21.286 [main] DEBUG nextflow.script.ScriptRunner - Parsed script files:
  Script_6726fb5c0c819749: /home/girouxeml/projects/illumina_qc_pipeline/main.nf
Mar-04 12:02:21.286 [main] DEBUG nextflow.script.ScriptRunner - > Awaiting termination 
Mar-04 12:02:21.286 [main] DEBUG nextflow.Session - Session await
Mar-04 12:02:21.498 [Task submitter] DEBUG n.executor.local.LocalTaskHandler - Launch cmd line: /bin/bash -ue .command.run
Mar-04 12:02:21.501 [Task submitter] INFO  nextflow.Session - [58/bbce44] Submitted process > FASTQC (sub6)
Mar-04 12:02:21.516 [Task submitter] DEBUG n.executor.local.LocalTaskHandler - Launch cmd line: /bin/bash -ue .command.run
Mar-04 12:02:21.516 [Task submitter] INFO  nextflow.Session - [ac/ee410f] Submitted process > FASTQC (sub3)
Mar-04 12:02:21.523 [Task submitter] DEBUG n.executor.local.LocalTaskHandler - Launch cmd line: /bin/bash -ue .command.run
Mar-04 12:02:21.523 [Task submitter] INFO  nextflow.Session - [aa/e3ea5f] Submitted process > FASTQC (sub5)
Mar-04 12:02:21.529 [Task submitter] DEBUG n.executor.local.LocalTaskHandler - Launch cmd line: /bin/bash -ue .command.run
Mar-04 12:02:21.531 [Task submitter] INFO  nextflow.Session - [77/b7f647] Submitted process > FASTQC (sub9)
Mar-04 12:02:21.536 [Task submitter] DEBUG n.executor.local.LocalTaskHandler - Launch cmd line: /bin/bash -ue .command.run
Mar-04 12:02:21.536 [Task submitter] INFO  nextflow.Session - [30/8ba8cf] Submitted process > FASTQC (sub2)
Mar-04 12:02:21.546 [Task submitter] DEBUG n.executor.local.LocalTaskHandler - Launch cmd line: /bin/bash -ue .command.run
Mar-04 12:02:21.547 [Task submitter] INFO  nextflow.Session - [28/62baca] Submitted process > FASTQC (sub10)
Mar-04 12:02:21.552 [Task submitter] DEBUG n.executor.local.LocalTaskHandler - Launch cmd line: /bin/bash -ue .command.run
Mar-04 12:02:21.553 [Task submitter] INFO  nextflow.Session - [74/aa1c44] Submitted process > FASTQC (sub1)
Mar-04 12:02:21.562 [Task submitter] DEBUG n.executor.local.LocalTaskHandler - Launch cmd line: /bin/bash -ue .command.run
Mar-04 12:02:21.562 [Task submitter] INFO  nextflow.Session - [16/ca548b] Submitted process > FASTQC (sub8)
Mar-04 12:02:21.569 [Task submitter] DEBUG n.executor.local.LocalTaskHandler - Launch cmd line: /bin/bash -ue .command.run
Mar-04 12:02:21.570 [Task submitter] INFO  nextflow.Session - [08/f59f06] Submitted process > FASTQC (sub4)
Mar-04 12:02:21.576 [Task submitter] DEBUG n.executor.local.LocalTaskHandler - Launch cmd line: /bin/bash -ue .command.run
Mar-04 12:02:21.576 [Task submitter] INFO  nextflow.Session - [65/03f806] Submitted process > FASTQC (sub7)
Mar-04 12:02:23.743 [Task monitor] DEBUG n.processor.TaskPollingMonitor - Task completed > TaskHandler[id: 2; name: FASTQC (sub6); status: COMPLETED; exit: 0; error: -; workDir: /home/girouxeml/projects/illumina_qc_pipeline/work/58/bbce44891aa579bfc782e707e2cc22]
Mar-04 12:02:23.744 [Task monitor] DEBUG nextflow.util.ThreadPoolBuilder - Creating thread pool 'TaskFinalizer' minSize=10; maxSize=120; workQueue=LinkedBlockingQueue[-1]; allowCoreThreadTimeout=false
Mar-04 12:02:23.764 [TaskFinalizer-1] DEBUG nextflow.util.ThreadPoolBuilder - Creating thread pool 'PublishDir' minSize=10; maxSize=120; workQueue=LinkedBlockingQueue[-1]; allowCoreThreadTimeout=false
Mar-04 12:02:23.767 [Task monitor] DEBUG n.processor.TaskPollingMonitor - Task completed > TaskHandler[id: 7; name: FASTQC (sub3); status: COMPLETED; exit: 0; error: -; workDir: /home/girouxeml/projects/illumina_qc_pipeline/work/ac/ee410f9ba92f8a62b1055ae5cb34b1]
Mar-04 12:02:23.770 [Task monitor] DEBUG n.processor.TaskPollingMonitor - Task completed > TaskHandler[id: 8; name: FASTQC (sub5); status: COMPLETED; exit: 0; error: -; workDir: /home/girouxeml/projects/illumina_qc_pipeline/work/aa/e3ea5f93e14b116abd746d054dbc55]
Mar-04 12:02:23.777 [Task monitor] DEBUG n.processor.TaskPollingMonitor - Task completed > TaskHandler[id: 1; name: FASTQC (sub9); status: COMPLETED; exit: 0; error: -; workDir: /home/girouxeml/projects/illumina_qc_pipeline/work/77/b7f647082f50fb5dcb76156814b4c1]
Mar-04 12:02:23.798 [Task monitor] DEBUG n.processor.TaskPollingMonitor - Task completed > TaskHandler[id: 5; name: FASTQC (sub2); status: COMPLETED; exit: 0; error: -; workDir: /home/girouxeml/projects/illumina_qc_pipeline/work/30/8ba8cfbe7512d8aa1448c0318c0257]
Mar-04 12:02:23.809 [Task monitor] DEBUG n.processor.TaskPollingMonitor - Task completed > TaskHandler[id: 3; name: FASTQC (sub10); status: COMPLETED; exit: 0; error: -; workDir: /home/girouxeml/projects/illumina_qc_pipeline/work/28/62bacabd44519dd1e8ef8fbb7f7f9d]
Mar-04 12:02:23.820 [Task monitor] DEBUG n.processor.TaskPollingMonitor - Task completed > TaskHandler[id: 4; name: FASTQC (sub1); status: COMPLETED; exit: 0; error: -; workDir: /home/girouxeml/projects/illumina_qc_pipeline/work/74/aa1c44f181354a264e741e651e3ab7]
Mar-04 12:02:23.850 [Task monitor] DEBUG n.processor.TaskPollingMonitor - Task completed > TaskHandler[id: 6; name: FASTQC (sub8); status: COMPLETED; exit: 0; error: -; workDir: /home/girouxeml/projects/illumina_qc_pipeline/work/16/ca548b62f61decdff8855e30237d6b]
Mar-04 12:02:23.854 [Task monitor] DEBUG n.processor.TaskPollingMonitor - Task completed > TaskHandler[id: 9; name: FASTQC (sub7); status: COMPLETED; exit: 0; error: -; workDir: /home/girouxeml/projects/illumina_qc_pipeline/work/65/03f806dc30aedd8b8857b359063acd]
Mar-04 12:02:23.857 [Task monitor] DEBUG n.processor.TaskPollingMonitor - Task completed > TaskHandler[id: 10; name: FASTQC (sub4); status: COMPLETED; exit: 0; error: -; workDir: /home/girouxeml/projects/illumina_qc_pipeline/work/08/f59f06f755e0bbec592b9318ce77ff]
Mar-04 12:02:23.864 [main] DEBUG nextflow.Session - Session await > all processes finished
Mar-04 12:02:23.959 [Task monitor] DEBUG n.processor.TaskPollingMonitor - <<< barrier arrives (monitor: local) - terminating tasks monitor poll loop
Mar-04 12:02:23.959 [main] DEBUG nextflow.Session - Session await > all barriers passed
Mar-04 12:02:23.963 [main] DEBUG nextflow.util.ThreadPoolManager - Thread pool 'TaskFinalizer' shutdown completed (hard=false)
Mar-04 12:02:23.964 [main] DEBUG nextflow.util.ThreadPoolManager - Thread pool 'PublishDir' shutdown completed (hard=false)
Mar-04 12:02:23.970 [main] DEBUG n.trace.WorkflowStatsObserver - Workflow completed > WorkflowStats[succeededCount=10; failedCount=0; ignoredCount=0; cachedCount=0; pendingCount=0; submittedCount=0; runningCount=0; retriesCount=0; abortedCount=0; succeedDuration=44.5s; failedDuration=0ms; cachedDuration=0ms;loadCpus=0; loadMemory=0; peakRunning=10; peakCpus=20; peakMemory=40 GB; ]
Mar-04 12:02:24.054 [main] DEBUG nextflow.trace.ReportObserver - Workflow completed -- rendering execution report
Mar-04 12:02:24.525 [main] DEBUG nextflow.trace.TimelineObserver - Workflow completed -- rendering execution timeline
Mar-04 12:02:24.578 [main] DEBUG nextflow.trace.TraceFileObserver - Workflow completed -- saving trace file
Mar-04 12:02:24.582 [main] DEBUG nextflow.cache.CacheDB - Closing CacheDB done
Mar-04 12:02:24.587 [main] DEBUG nextflow.util.ThreadPoolManager - Thread pool 'FileTransfer' shutdown completed (hard=false)
Mar-04 12:02:24.588 [main] DEBUG nextflow.script.ScriptRunner - > Execution complete -- Goodbye
